#-----------------------------------------------------------
# Vivado v2017.4 (64-bit)
# SW Build 2086221 on Fri Dec 15 20:55:39 MST 2017
# IP Build 2085800 on Fri Dec 15 22:25:07 MST 2017
# Start of session at: Wed Jul  4 21:37:25 2018
# Process ID: 37996
# Current directory: C:/Users/KANG Jian/Desktop/video_trans_advanced/video_trans_sourcecode/ip_new/managed_ip_project
# Command line: vivado.exe -gui_launcher_event rodinguilauncherevent35520 C:\Users\KANG Jian\Desktop\video_trans_advanced\video_trans_sourcecode\ip_new\managed_ip_project\managed_ip_project.xpr
# Log file: C:/Users/KANG Jian/Desktop/video_trans_advanced/video_trans_sourcecode/ip_new/managed_ip_project/vivado.log
# Journal file: C:/Users/KANG Jian/Desktop/video_trans_advanced/video_trans_sourcecode/ip_new/managed_ip_project\vivado.jou
#-----------------------------------------------------------
start_gui
open_project {C:/Users/KANG Jian/Desktop/video_trans_advanced/video_trans_sourcecode/ip_new/managed_ip_project/managed_ip_project.xpr}
INFO: [ProjectBase 1-489] The host OS only allows 260 characters in a normal path. The project is stored in a path with more than 80 characters. If you experience issues with IP, Block Designs, or files not being found, please consider moving the project to a location with a shorter path. Alternately consider using the OS subst command to map part of the path to a drive letter.
Current project path is 'C:/Users/KANG Jian/Desktop/video_trans_advanced/video_trans_sourcecode/ip_new/managed_ip_project'
Scanning sources...
Finished scanning sources
INFO: [IP_Flow 19-234] Refreshing IP repositories
INFO: [IP_Flow 19-1704] No user IP repositories specified
INFO: [IP_Flow 19-2313] Loaded Vivado IP repository 'F:/Xilinx/Vivado/2017.4/data/ip'.
open_project: Time (s): cpu = 00:00:15 ; elapsed = 00:00:10 . Memory (MB): peak = 849.203 ; gain = 104.254
exit
INFO: [Common 17-206] Exiting Vivado at Thu Jul  5 09:49:41 2018...
