#-----------------------------------------------------------
# Vivado v2017.4 (64-bit)
# SW Build 2086221 on Fri Dec 15 20:55:39 MST 2017
# IP Build 2085800 on Fri Dec 15 22:25:07 MST 2017
# Start of session at: Sat Jul  7 14:52:50 2018
# Process ID: 38996
# Current directory: C:/Users/KANG Jian/Desktop/video_trans_advanced/video_trans_sourcecode/ip_new/managed_ip_project
# Command line: vivado.exe -gui_launcher_event rodinguilauncherevent48252 C:\Users\KANG Jian\Desktop\video_trans_advanced\video_trans_sourcecode\ip_new\managed_ip_project\managed_ip_project.xpr
# Log file: C:/Users/KANG Jian/Desktop/video_trans_advanced/video_trans_sourcecode/ip_new/managed_ip_project/vivado.log
# Journal file: C:/Users/KANG Jian/Desktop/video_trans_advanced/video_trans_sourcecode/ip_new/managed_ip_project\vivado.jou
#-----------------------------------------------------------
start_gui
open_project {C:/Users/KANG Jian/Desktop/video_trans_advanced/video_trans_sourcecode/ip_new/managed_ip_project/managed_ip_project.xpr}
INFO: [ProjectBase 1-489] The host OS only allows 260 characters in a normal path. The project is stored in a path with more than 80 characters. If you experience issues with IP, Block Designs, or files not being found, please consider moving the project to a location with a shorter path. Alternately consider using the OS subst command to map part of the path to a drive letter.
Current project path is 'C:/Users/KANG Jian/Desktop/video_trans_advanced/video_trans_sourcecode/ip_new/managed_ip_project'
Scanning sources...
Finished scanning sources
INFO: [IP_Flow 19-234] Refreshing IP repositories
INFO: [IP_Flow 19-1704] No user IP repositories specified
INFO: [IP_Flow 19-2313] Loaded Vivado IP repository 'F:/Xilinx/Vivado/2017.4/data/ip'.
open_project: Time (s): cpu = 00:00:18 ; elapsed = 00:00:12 . Memory (MB): peak = 875.617 ; gain = 131.418
INFO: [Device 21-403] Loading part xc7a200tfbg676-2
ERROR: [Ipptcl 7-32] Invalid text 'rx_eq_mode_text'.
ERROR: [Common 17-39] 'get_textspec' failed due to earlier errors.
ERROR: [IP_Flow 19-3554] GUI update of parameter PARAM_VALUE.RX_EQ_MODE failed.ERROR: [Common 17-39] 'get_textspec' failed due to earlier errors.

create_ip -name aurora_8b10b -vendor xilinx.com -library ip -version 11.1 -module_name aurora_8b10b_0 -dir {c:/Users/KANG Jian/Desktop/video_trans_advanced/video_trans_sourcecode/ip_new}
set_property -dict [list CONFIG.C_LINE_RATE {0.5} CONFIG.Dataflow_Config {TX-only_Simplex} CONFIG.Backchannel_mode {Timer} CONFIG.C_ROW_USED {bottom} CONFIG.C_GT_LOC_9 {X} CONFIG.C_GT_LOC_4 {1} CONFIG.C_GT_LOC_1 {X} CONFIG.C_GT_CLOCK_1 {GTPQ0} CONFIG.SINGLEEND_INITCLK {true} CONFIG.SupportLevel {1} CONFIG.RX_PPM_OFFSET {0}] [get_ips aurora_8b10b_0]
generate_target {instantiation_template} [get_files {{c:/Users/KANG Jian/Desktop/video_trans_advanced/video_trans_sourcecode/ip_new/aurora_8b10b_0/aurora_8b10b_0.xci}}]
INFO: [IP_Flow 19-1686] Generating 'Instantiation Template' target for IP 'aurora_8b10b_0'...
export_ip_user_files -of_objects  [get_files {{c:/Users/KANG Jian/Desktop/video_trans_advanced/video_trans_sourcecode/ip_new/aurora_8b10b_0/aurora_8b10b_0.xci}}] -no_script -reset -force -quiet
remove_files  {{c:/Users/KANG Jian/Desktop/video_trans_advanced/video_trans_sourcecode/ip_new/aurora_8b10b_0/aurora_8b10b_0.xci}}
file delete -force {c:/Users/KANG Jian/Desktop/video_trans_advanced/video_trans_sourcecode/ip_new/aurora_8b10b_0}
ERROR: [Ipptcl 7-32] Invalid text 'rx_eq_mode_text'.
ERROR: [Common 17-39] 'get_textspec' failed due to earlier errors.
ERROR: [IP_Flow 19-3554] GUI update of parameter PARAM_VALUE.RX_EQ_MODE failed.ERROR: [Common 17-39] 'get_textspec' failed due to earlier errors.

create_ip -name aurora_8b10b -vendor xilinx.com -library ip -version 11.1 -module_name aurora_8b10b_tx -dir {c:/Users/KANG Jian/Desktop/video_trans_advanced/video_trans_sourcecode/ip_new}
set_property -dict [list CONFIG.Component_Name {aurora_8b10b_tx} CONFIG.C_LINE_RATE {0.5} CONFIG.Dataflow_Config {TX-only_Simplex} CONFIG.Backchannel_mode {Timer} CONFIG.C_ROW_USED {bottom} CONFIG.C_GT_LOC_9 {X} CONFIG.C_GT_LOC_4 {1} CONFIG.C_GT_LOC_1 {X} CONFIG.C_GT_CLOCK_1 {GTPQ0} CONFIG.SINGLEEND_INITCLK {true} CONFIG.SupportLevel {1} CONFIG.RX_PPM_OFFSET {0}] [get_ips aurora_8b10b_tx]
WARNING: [Vivado 12-3523] Attempt to change 'Component_Name' from 'aurora_8b10b_tx' to 'aurora_8b10b_tx' is not allowed and is ignored.
generate_target {instantiation_template} [get_files {{c:/Users/KANG Jian/Desktop/video_trans_advanced/video_trans_sourcecode/ip_new/aurora_8b10b_tx/aurora_8b10b_tx.xci}}]
INFO: [IP_Flow 19-1686] Generating 'Instantiation Template' target for IP 'aurora_8b10b_tx'...
generate_target all [get_files  {{c:/Users/KANG Jian/Desktop/video_trans_advanced/video_trans_sourcecode/ip_new/aurora_8b10b_tx/aurora_8b10b_tx.xci}}]
INFO: [IP_Flow 19-1686] Generating 'Synthesis' target for IP 'aurora_8b10b_tx'...
INFO: [IP_Flow 19-1686] Generating 'Simulation' target for IP 'aurora_8b10b_tx'...
INFO: [IP_Flow 19-1686] Generating 'Change Log' target for IP 'aurora_8b10b_tx'...
generate_target: Time (s): cpu = 00:00:06 ; elapsed = 00:00:12 . Memory (MB): peak = 1293.898 ; gain = 4.973
catch { config_ip_cache -export [get_ips -all aurora_8b10b_tx] }
export_ip_user_files -of_objects [get_files {{c:/Users/KANG Jian/Desktop/video_trans_advanced/video_trans_sourcecode/ip_new/aurora_8b10b_tx/aurora_8b10b_tx.xci}}] -no_script -sync -force -quiet
create_ip_run [get_files -of_objects [get_fileset sources_1] {{c:/Users/KANG Jian/Desktop/video_trans_advanced/video_trans_sourcecode/ip_new/aurora_8b10b_tx/aurora_8b10b_tx.xci}}]
launch_runs -jobs 16 aurora_8b10b_tx_synth_1
[Sat Jul  7 15:47:25 2018] Launched aurora_8b10b_tx_synth_1...
Run output will be captured here: C:/Users/KANG Jian/Desktop/video_trans_advanced/video_trans_sourcecode/ip_new/managed_ip_project/managed_ip_project.runs/aurora_8b10b_tx_synth_1/runme.log
export_simulation -of_objects [get_files {{c:/Users/KANG Jian/Desktop/video_trans_advanced/video_trans_sourcecode/ip_new/aurora_8b10b_tx/aurora_8b10b_tx.xci}}] -directory {C:/Users/KANG Jian/Desktop/video_trans_advanced/video_trans_sourcecode/ip_new/ip_user_files/sim_scripts} -ip_user_files_dir {C:/Users/KANG Jian/Desktop/video_trans_advanced/video_trans_sourcecode/ip_new/ip_user_files} -ipstatic_source_dir {C:/Users/KANG Jian/Desktop/video_trans_advanced/video_trans_sourcecode/ip_new/ip_user_files/ipstatic} -lib_map_path [list {modelsim=C:/Users/KANG Jian/Desktop/video_trans_advanced/video_trans_sourcecode/ip_new/managed_ip_project/managed_ip_project.cache/compile_simlib/modelsim} {questa=C:/Users/KANG Jian/Desktop/video_trans_advanced/video_trans_sourcecode/ip_new/managed_ip_project/managed_ip_project.cache/compile_simlib/questa} {riviera=C:/Users/KANG Jian/Desktop/video_trans_advanced/video_trans_sourcecode/ip_new/managed_ip_project/managed_ip_project.cache/compile_simlib/riviera} {activehdl=C:/Users/KANG Jian/Desktop/video_trans_advanced/video_trans_sourcecode/ip_new/managed_ip_project/managed_ip_project.cache/compile_simlib/activehdl}] -use_ip_compiled_libs -force -quiet
exit
INFO: [Common 17-206] Exiting Vivado at Sun Jul  8 22:20:59 2018...
